PLINK v1.90b6.16 64-bit (19 Feb 2020)
Options in effect:
  --allow-no-sex
  --make-bed
  --merge-list merge_list
  --out EUR_1KG_genome_nodup

Hostname: Blade
Working directory: /home/axolotlove/GWAS/EUR_1KG
Start time: Thu Apr  2 17:57:30 2020

Random number seed: 1585839450
15916 MB RAM detected; reserving 7958 MB for main workspace.
Warning: Variants 'rs200142438' and 'rs111939411' have the same position.
Warning: Variants 'rs578195857' and 'rs186603151' have the same position.
Warning: Variants 'rs5011803' and 'rs11408803' have the same position.
Warning: Variants 'rs3083861' and 'rs143096368' have the same position.
Warning: Variants 'rs567493006' and 'rs10708465' have the same position.
Warning: Variants 'rs573367367' and 'rs571665315' have the same position.
Warning: Variants 'rs371291871' and 'rs148524147' have the same position.
Warning: Variants 'rs201000473' and 'rs186472052' have the same position.
Warning: Variants 'rs574670491' and 'rs562037469' have the same position.
Warning: Variants 'rs556074485' and 'rs10475248' have the same position.
Warning: Variants 'rs72735609' and 'rs59382052' have the same position.
Warning: Variants 'rs61690582' and 'rs376893668' have the same position.
Warning: Variants 'rs538528243' and 'rs537840172' have the same position.
Warning: Variants 'rs563585774' and 'rs555198950' have the same position.
Warning: Variants 'rs572086381' and 'rs545093300' have the same position.
Warning: Variants 'rs538973863' and 'rs34757783' have the same position.
Warning: Variants 'rs76870957' and 'rs532660687' have the same position.
Warning: Variants 'rs551750289' and 'rs537688380' have the same position.
Warning: Variants 'rs200054061' and 'rs143450328' have the same position.
Warning: Variants 'rs201524597' and 'rs149203121' have the same position.
Warning: Variants 'rs80172165' and 'rs548043361' have the same position.
Warning: Variants 'rs34709099' and 'rs114905730' have the same position.
Warning: Variants 'rs73034889' and 'rs112409223' have the same position.
Warning: Variants 'rs575056094' and 'rs536211789' have the same position.
Warning: Variants 'rs572654800' and 'rs561786506' have the same position.
Warning: Variants 'rs564070682' and 'rs369331614' have the same position.
Warning: Variants 'rs548017707' and 'rs542347076' have the same position.
Warning: Variants 'rs77753556' and 'rs56184600' have the same position.
Warning: Variants 'rs557248845' and 'rs543850653' have the same position.
Warning: Variants 'rs566951077' and 'rs545593322' have the same position.
Warning: Variants 'rs576975961' and 'rs527847410' have the same position.
Warning: Variants 'rs199630321' and 'rs140898902' have the same position.
Warning: Variants 'rs666829' and 'rs372383039' have the same position.
Warning: Variants 'rs573159575' and 'rs533100841' have the same position.
Warning: Variants 'rs569453579' and 'rs538586397' have the same position.
Warning: Variants 'rs577497351' and 'rs546377705' have the same position.
Warning: Variants 'rs554775744' and 'esv3604243' have the same position.
Warning: Variants 'rs200555642' and 'rs141142463' have the same position.
Warning: Variants 'rs34610837' and 'rs12521100' have the same position.
Warning: Variants 'rs6868913' and 'rs35210328' have the same position.
Warning: Variants 'rs551979343' and 'rs543799315' have the same position.
Warning: Variants 'rs545387531' and 'rs140161024' have the same position.
Warning: Variants 'rs181448809' and 'rs151159705' have the same position.
Warning: Variants 'rs541055487' and 'rs528557281' have the same position.
Warning: Variants 'rs567493545' and 'rs553609151' have the same position.
Warning: Variants 'rs570055688' and 'rs555015260' have the same position.
Warning: Variants 'rs199896932' and 'rs12187310' have the same position.
Warning: Variants 'rs531736840' and 'rs33932742' have the same position.
Warning: Variants 'rs187074718' and 'rs146148809' have the same position.
Warning: Variants 'rs79642798' and 'rs5866671' have the same position.
Warning: Variants 'rs565371442' and 'rs540089471' have the same position.
Warning: Variants 'rs75046443' and 'rs561910310' have the same position.
Warning: Variants 'rs70938251' and 'rs557207711' have the same position.
Warning: Variants 'rs550632332' and 'rs150621053' have the same position.
Warning: Variants 'rs577984524' and 'rs537853592' have the same position.
Warning: Variants 'rs564395897' and 'rs529357875' have the same position.
Warning: Variants 'rs543022395' and 'rs374759872' have the same position.
Warning: Variants 'rs540660658' and 'rs10940775' have the same position.
Warning: Variants 'rs555030217' and 'rs149654848' have the same position.
Warning: Variants 'rs550795262' and 'rs549218919' have the same position.
Warning: Variants 'rs201165787' and 'rs10643303' have the same position.
Warning: Variants 'rs5867022' and 'rs200426081' have the same position.
Warning: Variants 'rs554048888' and 'rs553032461' have the same position.
Warning: Variants 'rs187227070' and 'rs144641551' have the same position.
Warning: Variants 'rs544635682' and 'rs538446454' have the same position.
Warning: Variants 'rs546333763' and 'rs538328152' have the same position.
Warning: Variants 'rs555474342' and 'rs546333763' have the same position.
Warning: Variants 'rs567014910' and 'rs555474342' have the same position.
Warning: Variants 'rs567291474' and 'rs200233871' have the same position.
Warning: Variants 'rs545754411' and 'rs36077893' have the same position.
Warning: Variants 'rs555997780' and 'rs113526700' have the same position.
Warning: Variants 'rs573324931' and 'rs548166576' have the same position.
Warning: Variants 'rs6889780' and 'rs146616683' have the same position.
Warning: Variants 'rs548208795' and 'rs371625769' have the same position.
Warning: Variants 'rs529250622' and 'rs200223064' have the same position.
Warning: Variants 'rs570061220' and 'rs150231848' have the same position.
Warning: Variants 'rs559978385' and 'rs140112517' have the same position.
Warning: Variants 'rs59329886' and 'rs56712382' have the same position.
Warning: Variants 'rs568178594' and 'rs143277543' have the same position.
Warning: Variants 'rs76065788' and 'rs200570263' have the same position.
Warning: Variants 'rs551354956' and 'rs151225774' have the same position.
Warning: Variants 'rs60594215' and 'rs141975352' have the same position.
Warning: Variants 'rs568469850' and 'rs546761339' have the same position.
Warning: Variants 'rs531773867' and 'rs189511332' have the same position.
Warning: Variants 'rs574745314' and 'rs184284698' have the same position.
Warning: Variants 'rs56835378' and 'esv3605000' have the same position.
Warning: Variants 'rs533582194' and 'rs35290606' have the same position.
Warning: Variants 'rs201399496' and 'rs11420959' have the same position.
Warning: Variants 'rs1946268' and 'rs138975565' have the same position.
Warning: Variants 'rs578147622' and 'rs57647028' have the same position.
Warning: Variants 'rs370025484' and 'rs185502496' have the same position.
Warning: Variants 'rs575835443' and 'rs538866722' have the same position.
Warning: Variants 'rs538706789' and 'rs35397504' have the same position.
Warning: Variants 'rs7734163' and 'rs139325790' have the same position.
Warning: Variants 'rs577245990' and 'rs201942675' have the same position.
Warning: Variants 'rs558200799' and 'rs368485284' have the same position.
Warning: Variants 'rs73757957' and 'rs554030351' have the same position.
Warning: Variants 'rs58616921' and 'rs4699937' have the same position.
Warning: Variants 'rs539583786' and 'rs539338576' have the same position.
Warning: Variants 'rs368741053' and 'rs11378518' have the same position.
Warning: Variants 'rs200918902' and 'rs111640452' have the same position.
Warning: Variants 'rs573861996' and 'rs557124068' have the same position.
Warning: Variants 'rs571111545' and 'rs531651308' have the same position.
Warning: Variants 'rs72761223' and 'rs34407559' have the same position.
Warning: Variants 'rs568640150' and 'rs111611459' have the same position.
Warning: Variants 'rs577730407' and 'rs528314823' have the same position.
Warning: Variants 'rs539637892' and 'rs531318827' have the same position.
Warning: Variants 'rs534078664' and 'rs35741606' have the same position.
Warning: Variants 'rs70992994' and 'rs61463009' have the same position.
Warning: Variants 'rs75584418' and 'rs5868627' have the same position.
Warning: Variants 'rs556554312' and 'rs34279710' have the same position.
Warning: Variants 'rs73762098' and 'rs57316895' have the same position.
Warning: Variants 'rs576731266' and 'rs143981677' have the same position.
Warning: Variants 'rs570376758' and 'rs202097519' have the same position.
Warning: Variants 'rs73765973' and 'rs71594626' have the same position.
Warning: Variants 'rs569870271' and 'rs201558264' have the same position.
Warning: Variants 'rs70982612' and 'rs13190337' have the same position.
Warning: Variants 'rs557961807' and 'rs335639' have the same position.
Warning: Variants 'rs542975605' and 'rs531143857' have the same position.
Warning: Variants 'rs550945077' and 'rs112912857' have the same position.
Warning: Variants 'rs560502324' and 'rs556451155' have the same position.
Warning: Variants 'rs533490351' and 'rs190057758' have the same position.
Warning: Variants 'rs542399741' and 'rs534117962' have the same position.
Warning: Variants 'rs60890807' and 'rs370531112' have the same position.
Warning: Variants 'rs202068281' and 'rs146388148' have the same position.
Warning: Variants 'rs543815324' and 'rs202162162' have the same position.
Warning: Variants 'rs551380725' and 'rs34561848' have the same position.
Warning: Variants 'rs201189802' and 'rs200588409' have the same position.
Warning: Variants 'rs7447808' and 'rs71610474' have the same position.
Warning: Variants 'rs372409181' and 'rs144539090' have the same position.
Warning: Variants 'rs566765857' and 'rs563402496' have the same position.
Warning: Variants 'rs565773222' and 'rs533685734' have the same position.
Warning: Variants 'rs35975139' and 'rs181243145' have the same position.
Warning: Variants 'rs573269883' and 'rs200323819' have the same position.
Warning: Variants 'rs575174819' and 'rs569104150' have the same position.
Warning: Variants 'rs561467847' and 'rs369966870' have the same position.
Warning: Variants 'rs563242697' and 'rs189397224' have the same position.
Warning: Variants 'rs533079726' and 'rs140974913' have the same position.
Warning: Variants 'rs565701537' and 'rs555892357' have the same position.
Warning: Variants 'rs536494305' and 'rs372742533' have the same position.
Warning: Variants 'rs569478749' and 'rs544102224' have the same position.
Warning: Variants 'rs72003963' and 'rs532703325' have the same position.
Warning: Variants 'rs570772938' and 'rs371009631' have the same position.
Warning: Variants 'rs188498533' and 'rs144256794' have the same position.
Warning: Variants 'rs571450480' and 'rs566739249' have the same position.
Warning: Variants 'rs368417687' and 'rs200826547' have the same position.
Warning: Variants 'rs566860408' and 'rs147145672' have the same position.
Warning: Variants 'rs535260392' and 'rs187970284' have the same position.
Warning: Variants 'rs556670565' and 'rs541599896' have the same position.
Warning: Variants 'rs572508945' and 'rs182591996' have the same position.
Warning: Variants 'rs80005660' and 'rs35409751' have the same position.
Warning: Variants 'rs549295200' and 'rs527804455' have the same position.
Warning: Variants 'rs537176497' and 'rs191942006' have the same position.
Warning: Variants 'rs549554494' and 'rs372916743' have the same position.
Warning: Variants 'rs571438683' and 'rs188304900' have the same position.
Warning: Variants 'rs201309947' and 'esv3605995' have the same position.
Warning: Variants 'rs534814639' and 'rs143549482' have the same position.
Warning: Variants 'rs547741991' and 'rs34781983' have the same position.
Warning: Variants 'rs545460782' and 'rs201873580' have the same position.
Warning: Variants 'rs370681545' and 'rs11242581' have the same position.
Warning: Variants 'rs532090212' and 'rs373295541' have the same position.
Warning: Variants 'rs536447369' and 'rs200668939' have the same position.
Warning: Variants 'rs148798465' and 'esv3606215' have the same position.
Warning: Variants 'rs567632766' and 'rs540596043' have the same position.
Warning: Variants 'rs573547825' and 'rs34392162' have the same position.
Warning: Variants 'rs75633693' and 'rs548061926' have the same position.
Warning: Variants 'rs564435826' and 'rs562339326' have the same position.
Warning: Variants 'rs541978530' and 'rs530230526' have the same position.
Warning: Variants 'rs564959296' and 'rs199673610' have the same position.
Warning: Variants 'rs370079465' and 'rs139957454' have the same position.
Warning: Variants 'rs70978627' and 'rs61680186' have the same position.
Warning: Variants 'rs547337348' and 'rs116308535' have the same position.
Warning: Variants 'rs58639525' and 'rs529627010' have the same position.
Warning: Variants 'rs67231143' and 'rs556488935' have the same position.
Warning: Variants 'rs200334763' and 'rs141992201' have the same position.
Warning: Variants 'rs6595146' and 'rs563343271' have the same position.
Warning: Variants 'rs568563196' and 'rs143797793' have the same position.
Warning: Variants 'rs577727039' and 'rs557748590' have the same position.
Warning: Variants 'rs533998575' and 'esv3606484' have the same position.
Warning: Variants 'rs34132585' and 'rs199522763' have the same position.
Warning: Variants 'rs559824041' and 'rs371113899' have the same position.
Warning: Variants 'rs564342004' and 'rs10590670' have the same position.
Warning: Variants 'rs568830212' and 'rs139876334' have the same position.
Warning: Variants 'rs563592520' and 'rs143078150' have the same position.
Warning: Variants 'rs537074641' and 'rs11744752' have the same position.
Warning: Variants 'rs75366382' and 'rs1423468' have the same position.
Warning: Variants 'rs78652306' and 'rs567377088' have the same position.
Warning: Variants 'rs552557830' and 'rs200525873' have the same position.
Warning: Variants 'rs574736314' and 'rs538057441' have the same position.
Warning: Variants 'rs71592829' and 'rs139936065' have the same position.
Warning: Variants 'rs574885642' and 'rs147891502' have the same position.
Warning: Variants 'rs199961491' and 'rs112076194' have the same position.
Warning: Variants 'rs572160518' and 'rs555495485' have the same position.
Warning: Variants 'rs560251527' and 'rs149585694' have the same position.
Warning: Variants 'rs551342842' and 'rs537451336' have the same position.
Warning: Variants 'rs575097813' and 'rs535164543' have the same position.
Warning: Variants 'rs567365193' and 'rs541317368' have the same position.
Warning: Variants 'rs555857209' and 'rs550659921' have the same position.
Warning: Variants 'rs535402070' and 'rs35540828' have the same position.
Warning: Variants 'rs183088853' and 'rs11269268' have the same position.
Warning: Variants 'rs554240347' and 'rs544498888' have the same position.
Warning: Variants 'rs557858830' and 'rs159906' have the same position.
Warning: Variants 'rs577439231' and 'rs549687735' have the same position.
Warning: Variants 'rs561665948' and 'rs553050303' have the same position.
Warning: Variants 'rs528154005' and 'rs527866891' have the same position.
Warning: Variants 'rs564415355' and 'rs546204327' have the same position.
Warning: Variants 'rs574788336' and 'rs372247760' have the same position.
Warning: Variants 'rs187863365' and 'rs139446184' have the same position.
Warning: Variants 'rs377703609' and 'rs35058160' have the same position.
Warning: Variants 'rs200791305' and 'rs191426913' have the same position.
Warning: Variants 'rs528194093' and 'rs35332557' have the same position.
Warning: Variants 'rs573386072' and 'rs11331872' have the same position.
Warning: Variants 'rs547076360' and 'rs141641983' have the same position.
Warning: Variants 'rs144180632' and 'rs112789078' have the same position.
Warning: Variants 'rs544758205' and 'rs536474646' have the same position.
Warning: Variants 'rs552238564' and 'rs11336085' have the same position.
Warning: Variants 'rs548495464' and 'rs546134292' have the same position.
Warning: Variants 'rs555712693' and 'rs187083175' have the same position.
Warning: Variants 'rs574489863' and 'rs536804488' have the same position.
Warning: Variants 'rs566804528' and 'rs151274069' have the same position.
Warning: Variants 'rs566482118' and 'rs11385613' have the same position.
Warning: Variants 'rs141480478' and 'rs13181950' have the same position.
Warning: Variants 'rs7717394' and 'rs59458502' have the same position.
Warning: Variants 'rs560107544' and 'rs201040058' have the same position.
Warning: Variants 'rs151219206' and 'rs10071797' have the same position.
Warning: Variants 'rs11395953' and 'rs112750769' have the same position.
Warning: Variants 'rs554333253' and 'rs10718611' have the same position.
Warning: Variants 'rs542087020' and 'rs539539957' have the same position.
Warning: Variants 'rs573565343' and 'rs201811855' have the same position.
Warning: Variants 'rs559156073' and 'rs542876962' have the same position.
Warning: Variants 'rs532337324' and 'rs370465923' have the same position.
Warning: Variants 'rs371550700' and 'rs200616677' have the same position.
Warning: Variants 'rs5871949' and 'rs553811321' have the same position.
Warning: Variants 'rs57422112' and 'rs375958800' have the same position.
Warning: Variants 'rs565227521' and 'rs370291939' have the same position.
Warning: Variants 'rs490813' and 'rs145747835' have the same position.
Warning: Variants 'rs531232275' and 'rs35959663' have the same position.
Warning: Variants 'rs545577578' and 'rs148087776' have the same position.
Warning: Variants 'rs78010070' and 'rs202172536' have the same position.
Warning: Variants 'rs577278' and 'rs113085682' have the same position.
Warning: Variants 'rs36081972' and 'rs200254402' have the same position.
Warning: Variants 'rs28380337' and 'rs201645212' have the same position.
Warning: Variants 'rs7728870' and 'rs374402364' have the same position.
Warning: Variants 'rs554279573' and 'rs144718076' have the same position.
Warning: Variants 'rs578045263' and 'rs370841681' have the same position.
Warning: Variants 'rs565626103' and 'rs528602721' have the same position.
Warning: Variants 'rs556417963' and 'rs533160033' have the same position.
Warning: Variants 'rs565560914' and 'rs555778193' have the same position.
Warning: Variants 'rs570239184' and 'rs565560914' have the same position.
Warning: Variants 'rs571499464' and 'rs11384114' have the same position.
Warning: Variants 'rs574644960' and 'rs11405855' have the same position.
Warning: Variants 'rs574540716' and 'rs143910982' have the same position.
Warning: Variants 'rs371673962' and 'rs145320565' have the same position.
Warning: Variants 'rs34800186' and 'rs186858073' have the same position.
Warning: Variants 'rs56202487' and 'rs550133834' have the same position.
Warning: Variants 'rs7703561' and 'rs148613411' have the same position.
Warning: Variants 'rs77268457' and 'rs575791090' have the same position.
Warning: Variants 'rs181161639' and 'rs143683337' have the same position.
Warning: Variants 'rs552799851' and 'rs199552237' have the same position.
Warning: Variants 'rs545068857' and 'rs34702413' have the same position.
Warning: Variants 'rs9313336' and 'rs145733375' have the same position.
Warning: Variants 'rs34770724' and 'rs1432948' have the same position.
Warning: Variants 'rs529894425' and 'rs527443353' have the same position.
Warning: Variants 'rs544979384' and 'rs529811425' have the same position.
Warning: Variants 'rs187688132' and 'rs113308061' have the same position.
Warning: Variants 'rs59591903' and 'esv3607533' have the same position.
Warning: Variants 'rs370210394' and 'rs200433060' have the same position.
Warning: Variants 'rs568870131' and 'rs4385223' have the same position.
Warning: Variants 'rs7710683' and 'rs545852289' have the same position.
Warning: Variants 'rs72834420' and 'rs537003392' have the same position.
Warning: Variants 'rs550946351' and 'rs530411208' have the same position.
Warning: Variants 'rs534102800' and 'rs369148829' have the same position.
Warning: Variants 'rs112222573' and 'rs10622639' have the same position.
Warning: Variants 'rs561889363' and 'rs191418837' have the same position.
Warning: Variants 'rs563825964' and 'rs528636374' have the same position.
Warning: Variants 'rs6893636' and 'rs34625859' have the same position.
Warning: Variants 'rs67452262' and 'rs554787557' have the same position.
Warning: Variants 'rs546788810' and 'rs201217372' have the same position.
Warning: Variants 'rs564868979' and 'rs111499619' have the same position.
Warning: Variants 'rs578061515' and 'rs565734795' have the same position.
Warning: Variants 'rs547236634' and 'rs34611994' have the same position.
Warning: Variants 'rs537859907' and 'rs371154541' have the same position.
Warning: Variants 'rs202101833' and 'rs1697036' have the same position.
Warning: Variants 'rs568809632' and 'rs558161040' have the same position.
Warning: Variants 'rs201044430' and 'rs112068709' have the same position.
Warning: Variants 'rs574730620' and 'rs553103210' have the same position.
Warning: Variants 'rs537520983' and 'rs530920394' have the same position.
Warning: Variants 'rs540108517' and 'rs112059856' have the same position.
Warning: Variants 'rs577996271' and 'rs576927497' have the same position.
Warning: Variants 'rs143362921' and 'rs113322719' have the same position.
Warning: Variants 'rs60468172' and 'rs566700546' have the same position.
Warning: Variants 'rs79970266' and 'rs71026589' have the same position.
Warning: Variants 'rs547258816' and 'rs200411521' have the same position.
Warning: Variants 'rs566076912' and 'rs202130155' have the same position.
Warning: Variants 'rs67365364' and 'rs573472756' have the same position.
Warning: Variants 'rs3830493' and 'rs202179803' have the same position.
Warning: Variants 'rs567979315' and 'rs200887743' have the same position.
Warning: Variants 'rs547335217' and 'rs374512892' have the same position.
Warning: Variants 'rs550042551' and 'rs143156307' have the same position.
Warning: Variants 'rs562013769' and 'rs201796201' have the same position.
Warning: Variants 'rs200509790' and 'rs142005619' have the same position.
Warning: Variants 'rs539937414' and 'rs200863517' have the same position.
Warning: Variants 'rs200402555' and 'rs13225569' have the same position.
Warning: Variants 'rs563630868' and 'rs34158584' have the same position.
Warning: Variants 'rs143858066' and 'rs10259344' have the same position.
Warning: Variants 'rs78126204' and 'rs538679282' have the same position.
Warning: Variants 'rs557674330' and 'rs539438264' have the same position.
Warning: Variants 'rs547605474' and 'rs10234787' have the same position.
Warning: Variants 'rs575688912' and 'rs28694314' have the same position.
Warning: Variants 'rs567059138' and 'rs201738221' have the same position.
Warning: Variants 'rs552630520' and 'rs539183753' have the same position.
Warning: Variants 'rs56834474' and 'rs10627612' have the same position.
Warning: Variants 'rs547500047' and 'rs145541150' have the same position.
Warning: Variants 'rs530087791' and 'rs34841515' have the same position.
Warning: Variants 'rs576415782' and 'rs375586080' have the same position.
Warning: Variants 'rs75839914' and 'rs35530262' have the same position.
Warning: Variants 'rs548468172' and 'rs150787341' have the same position.
Warning: Variants 'rs201477674' and 'rs111407245' have the same position.
Warning: Variants 'rs578110504' and 'rs200228514' have the same position.
Warning: Variants 'rs559884851' and 'rs538387774' have the same position.
Warning: Variants 'rs570875663' and 'rs199764355' have the same position.
Warning: Variants 'rs56184465' and 'rs546082290' have the same position.
Warning: Variants 'rs79347047' and 'rs561476170' have the same position.
Warning: Variants 'rs562963665' and 'esv3612423' have the same position.
Warning: Variants 'rs562336868' and 'rs181170083' have the same position.
Warning: Variants 'rs550722097' and 'rs541283694' have the same position.
Warning: Variants 'rs528923977' and 'rs35548625' have the same position.
Warning: Variants 'rs573610588' and 'rs113609342' have the same position.
Warning: Variants 'rs562429419' and 'rs11386457' have the same position.
Warning: Variants 'rs67361882' and 'rs528789129' have the same position.
Warning: Variants 'rs572125787' and 'rs571369063' have the same position.
Warning: Variants 'rs564040912' and 'rs182689101' have the same position.
Warning: Variants 'rs564884619' and 'rs529290393' have the same position.
Warning: Variants 'rs55978965' and 'rs113440261' have the same position.
Warning: Variants 'rs575432225' and 'rs201879676' have the same position.
Warning: Variants 'rs57480430' and 'rs35242766' have the same position.
Warning: Variants 'rs75133293' and 'rs532014969' have the same position.
Warning: Variants 'rs565616814' and 'rs551391274' have the same position.
Warning: Variants 'rs549707089' and 'rs142504289' have the same position.
Warning: Variants 'rs189416597' and 'rs145555827' have the same position.
Warning: Variants 'rs545049296' and 'rs146506987' have the same position.
Warning: Variants 'rs576864664' and 'rs550797228' have the same position.
Warning: Variants 'rs374489916' and 'rs10581077' have the same position.
Warning: Variants 'rs36117021' and 'rs116147616' have the same position.
Warning: Variants 'rs71537895' and 'rs565970582' have the same position.
Warning: Variants 'rs551343186' and 'rs181496010' have the same position.
Warning: Variants 'rs569070342' and 'rs142493847' have the same position.
Warning: Variants 'rs75566169' and 'rs201268005' have the same position.
Warning: Variants 'rs570359675' and 'rs34218055' have the same position.
Warning: Variants 'rs149460496' and 'rs113495309' have the same position.
Warning: Variants 'rs570633654' and 'rs200047685' have the same position.
Warning: Variants 'rs5883347' and 'rs564386816' have the same position.
Warning: Variants 'rs576549022' and 'rs199521585' have the same position.
Warning: Variants 'rs75306052' and 'rs199738469' have the same position.
Warning: Variants 'rs546463594' and 'rs138383243' have the same position.
Warning: Variants 'rs529601735' and 'rs374139009' have the same position.
Warning: Variants 'rs568472535' and 'rs546577988' have the same position.
Warning: Variants 'rs61310439' and 'rs560718546' have the same position.
Warning: Variants 'rs73386475' and 'rs200767204' have the same position.
Warning: Variants 'rs72257595' and 'rs2533863' have the same position.
Warning: Variants 'rs532270464' and 'rs11387100' have the same position.
Warning: Variants 'rs5883764' and 'rs368531548' have the same position.
Warning: Variants 'rs562153172' and 'rs34302457' have the same position.
Warning: Variants 'rs191676191' and 'rs147603836' have the same position.
Warning: Variants 'rs560002269' and 'rs556432094' have the same position.
Warning: Variants 'rs76660503' and 'rs545312189' have the same position.
Warning: Variants 'rs544240642' and 'rs147641374' have the same position.
Warning: Variants 'rs576845284' and 'rs201478532' have the same position.
Warning: Variants 'rs544878118' and 'rs533585030' have the same position.
Warning: Variants 'rs182893278' and 'rs11575455' have the same position.
Warning: Variants 'rs527383186' and 'rs192405456' have the same position.
Warning: Variants 'rs560452924' and 'rs369856228' have the same position.
Warning: Variants 'rs576998469' and 'rs546125782' have the same position.
Warning: Variants 'rs55920948' and 'rs111211492' have the same position.
Warning: Variants 'rs528942570' and 'rs371965209' have the same position.
Warning: Variants 'rs71561936' and 'rs28802035' have the same position.
Warning: Variants 'rs73701169' and 'rs529928608' have the same position.
Warning: Variants 'rs572870830' and 'rs547429280' have the same position.
Warning: Variants 'rs542027134' and 'rs202141918' have the same position.
Warning: Variants 'rs568795190' and 'rs200426693' have the same position.
Warning: Variants 'rs575587110' and 'rs560726007' have the same position.
Warning: Variants 'rs71057378' and 'rs556030832' have the same position.
Warning: Variants 'rs570103790' and 'rs554382351' have the same position.
Warning: Variants 'rs554512946' and 'rs112532470' have the same position.
Warning: Variants 'rs566311440' and 'rs563257476' have the same position.
Warning: Variants 'rs3981399' and 'rs375115796' have the same position.
Warning: Variants 'rs536770965' and 'rs147566909' have the same position.
Warning: Variants 'rs548729797' and 'rs371962623' have the same position.
Warning: Variants 'rs574654685' and 'rs561681534' have the same position.
Warning: Variants 'rs554543160' and 'rs148436533' have the same position.
Warning: Variants 'rs544829489' and 'rs527595180' have the same position.
Warning: Variants 'rs199660513' and 'rs148416348' have the same position.
Warning: Variants 'rs544187684' and 'rs528036886' have the same position.
Warning: Variants 'rs565900224' and 'rs115888660' have the same position.
Warning: Variants 'rs536103924' and 'rs10252690' have the same position.
Warning: Variants 'rs557869405' and 'rs535956270' have the same position.
Warning: Variants 'rs573724243' and 'rs558414216' have the same position.
Warning: Variants 'rs56158439' and 'rs375344351' have the same position.
Warning: Variants 'rs573881408' and 'rs202221746' have the same position.
Warning: Variants 'rs572934546' and 'rs559669921' have the same position.
Warning: Variants 'rs185639676' and 'rs145952583' have the same position.
Warning: Variants 'rs573789410' and 'rs10631565' have the same position.
Warning: Variants 'rs570195426' and 'rs35514922' have the same position.
Warning: Variants 'rs569180104' and 'rs553740614' have the same position.
Warning: Variants 'rs545492898' and 'rs528225380' have the same position.
Warning: Variants 'rs555055331' and 'rs544058833' have the same position.
Warning: Variants 'rs530638864' and 'rs35358124' have the same position.
Warning: Variants 'rs587775187' and 'rs200508239' have the same position.
Warning: Variants 'rs587727569' and 'rs587641410' have the same position.
Warning: Variants 'rs570294805' and 'rs567936982' have the same position.
Warning: Variants 'rs373188543' and 'rs370048010' have the same position.
Warning: Variants 'rs566513516' and 'rs539069490' have the same position.
Warning: Variants 'rs59287974' and 'rs564598357' have the same position.
Warning: Variants 'rs547333921' and 'rs143016504' have the same position.
Warning: Variants 'rs534789167' and 'rs530923753' have the same position.
Warning: Variants 'rs562071764' and 'rs34816248' have the same position.
Warning: Variants 'rs71522698' and 'rs141040898' have the same position.
Warning: Variants 'rs558803368' and 'rs374168079' have the same position.
Warning: Variants 'rs572600656' and 'rs548265370' have the same position.
Warning: Variants 'rs532619845' and 'rs112542636' have the same position.
Warning: Variants 'rs187177111' and 'rs143179790' have the same position.
Warning: Variants 'rs368640663' and 'rs140204608' have the same position.
Warning: Variants 'rs552939159' and 'rs201440116' have the same position.
Warning: Variants 'rs35422665' and 'rs13245443' have the same position.
Warning: Variants 'rs28459048' and 'rs112266242' have the same position.
Warning: Variants 'rs35620677' and 'rs11761073' have the same position.
Warning: Variants 'rs544196117' and 'rs146089586' have the same position.
Warning: Variants 'rs77193859' and 'rs559268877' have the same position.
Warning: Variants 'rs559220707' and 'rs200542881' have the same position.
Warning: Variants 'rs113874169' and 'rs113317144' have the same position.
Warning: Variants 'rs562126718' and 'rs199723894' have the same position.
Warning: Variants 'rs577255223' and 'rs546781858' have the same position.
Warning: Variants 'rs373900145' and 'rs3046669' have the same position.
Warning: Variants 'rs537022882' and 'rs147859710' have the same position.
Warning: Variants 'rs352675' and 'rs148273837' have the same position.
Warning: Variants 'rs368392485' and 'rs201630692' have the same position.
Warning: Variants 'rs577370543' and 'rs558853242' have the same position.
Warning: Variants 'rs13309699' and 'rs111676165' have the same position.
Warning: Variants 'rs143085964' and 'esv3614265' have the same position.
Warning: Variants 'rs200912744' and 'rs148676350' have the same position.
Warning: Variants 'rs539693483' and 'rs199676135' have the same position.
Warning: Variants 'rs575277277' and 'rs572490529' have the same position.
Warning: Variants 'rs2897360' and 'rs113027130' have the same position.
Warning: Variants 'rs374404796' and 'rs11284657' have the same position.
Warning: Variants 'rs557020750' and 'esv3614337' have the same position.
Warning: Variants 'rs538486124' and 'rs531290103' have the same position.
Warning: Variants 'rs550728573' and 'rs111710903' have the same position.
Warning: Variants 'rs28533322' and 'rs11413343' have the same position.
Warning: Variants 'rs541526333' and 'rs182235868' have the same position.
Warning: Variants 'rs71155507' and 'rs548142750' have the same position.
Warning: Variants 'rs202081744' and 'rs141143136' have the same position.
Warning: Variants 'rs818623' and 'rs540337515' have the same position.
Warning: Variants 'rs551108734' and 'rs546526396' have the same position.
Warning: Variants 'rs568603073' and 'rs564653042' have the same position.
Warning: Variants 'rs79114723' and 'rs5886442' have the same position.
Warning: Variants 'rs186183597' and 'rs145894566' have the same position.
Warning: Variants 'rs566808986' and 'rs200989745' have the same position.
Warning: Variants 'rs556533117' and 'rs367671688' have the same position.
Warning: Variants 'rs566207508' and 'rs543985085' have the same position.
Warning: Variants 'rs565892975' and 'rs200853525' have the same position.
Warning: Variants 'rs183955717' and 'rs139212165' have the same position.
Warning: Variants 'rs374903101' and 'rs200157021' have the same position.
Warning: Variants 'rs34901673' and 'rs201091670' have the same position.
Warning: Variants 'rs7455442' and 'rs530716056' have the same position.
Warning: Variants 'rs189626985' and 'rs150363112' have the same position.
Warning: Variants 'rs558501143' and 'rs538386551' have the same position.
Warning: Variants 'rs541086609' and 'rs532105494' have the same position.
Warning: Variants 'rs541337009' and 'rs12690970' have the same position.
Warning: Variants 'rs551267126' and 'rs34678742' have the same position.
Warning: Variants 'rs28718845' and 'rs11301776' have the same position.
Warning: Variants 'rs533617356' and 'rs199901347' have the same position.
Warning: Variants 'rs534923069' and 'rs192462733' have the same position.
Warning: Variants 'rs560740053' and 'rs139357762' have the same position.
Warning: Variants 'rs563919566' and 'rs561999256' have the same position.
Warning: Variants 'rs34974428' and 'rs199750694' have the same position.
Warning: Variants 'rs553020691' and 'rs538515720' have the same position.
Warning: Variants 'rs566500548' and 'rs141670163' have the same position.
Warning: Variants 'rs566214117' and 'rs56025679' have the same position.
Warning: Variants 'rs569489040' and 'rs145607323' have the same position.
Warning: Variants 'rs559862089' and 'rs17866310' have the same position.
Warning: Variants 'rs183672057' and 'rs148982047' have the same position.
Warning: Variants 'rs569844909' and 'rs531606974' have the same position.
Warning: Variants 'rs537002556' and 'rs377750922' have the same position.
Warning: Variants 'rs564486712' and 'rs537002556' have the same position.
Warning: Variants 'rs78693543' and 'rs35351067' have the same position.
Warning: Variants 'rs200788067' and 'rs142201663' have the same position.
Warning: Variants 'rs34901862' and 'rs13311172' have the same position.
Warning: Variants 'rs548812656' and 'rs144187569' have the same position.
Warning: Variants 'rs563986812' and 'rs35669557' have the same position.
Warning: Variants 'rs62469720' and 'rs147734395' have the same position.
Warning: Variants 'rs199837264' and 'rs10706159' have the same position.
Warning: Variants 'rs72008953' and 'rs373647627' have the same position.
Warning: Variants 'rs554889991' and 'rs537734410' have the same position.
Warning: Variants 'rs79649428' and 'rs36097142' have the same position.
Warning: Variants 'rs57228489' and 'rs202140675' have the same position.
Warning: Variants 'rs547178619' and 'rs537221801' have the same position.
Warning: Variants 'rs576900540' and 'rs199587725' have the same position.
Warning: Variants 'rs570265736' and 'rs534848100' have the same position.
Warning: Variants 'rs58118999' and 'rs546803888' have the same position.
Warning: Variants 'rs543486587' and 'rs10646909' have the same position.
Warning: Variants 'rs538808385' and 'rs34326276' have the same position.
Warning: Variants 'rs571778400' and 'rs550024489' have the same position.
Warning: Variants 'rs558837449' and 'rs368786410' have the same position.
Warning: Variants 'rs201630004' and 'rs146446518' have the same position.
Warning: Variants 'rs558103728' and 'rs148305431' have the same position.
Warning: Variants 'rs569513078' and 'rs547782758' have the same position.
Warning: Variants 'rs564476356' and 'rs112763636' have the same position.
Warning: Variants 'rs576389330' and 'rs568947039' have the same position.
Warning: Variants 'rs199740328' and 'rs188673644' have the same position.
Warning: Variants 'rs565789238' and 'rs200988796' have the same position.
Warning: Variants 'rs551657248' and 'rs531590920' have the same position.
Warning: Variants 'rs575403075' and 'rs370143144' have the same position.
Warning: Variants 'rs543614629' and 'rs537074561' have the same position.
Warning: Variants 'rs530038197' and 'rs192611578' have the same position.
Warning: Variants 'rs564369694' and 'rs549627636' have the same position.
Warning: Variants 'rs565892956' and 'rs543383169' have the same position.
Warning: Variants 'rs67126149' and 'rs117790405' have the same position.
Warning: Variants 'rs73160390' and 'rs148190385' have the same position.
Warning: Variants 'rs572699637' and 'rs545014753' have the same position.
Warning: Variants 'rs79623214' and 'rs567818270' have the same position.
Warning: Variants 'rs71520167' and 'rs28648477' have the same position.
Warning: Variants 'rs573261865' and 'rs36149446' have the same position.
Warning: Variants 'rs372950895' and 'rs201847131' have the same position.
Warning: Variants 'rs139898629' and 'rs111074457' have the same position.
Warning: Variants 'rs114208999' and 'rs11280772' have the same position.
Warning: Variants 'rs201145485' and 'rs11302236' have the same position.
Warning: Variants 'rs66851716' and 'rs12419995' have the same position.
Warning: Variants 'rs80169616' and 'rs10632104' have the same position.
Warning: Variants 'rs201112291' and 'rs148072025' have the same position.
Warning: Variants 'rs572979222' and 'rs113659566' have the same position.
Warning: Variants 'rs193164903' and 'rs143314586' have the same position.
Warning: Variants 'rs200595367' and 'rs11021789' have the same position.
Warning: Variants 'rs550365793' and 'rs200007426' have the same position.
Warning: Variants 'rs575361977' and 'rs370027589' have the same position.
Warning: Variants 'rs3059075' and 'rs113837805' have the same position.
Warning: Variants 'rs34522301' and 'rs11029838' have the same position.
Warning: Variants 'rs34765722' and 'rs11500269' have the same position.
Warning: Variants 'rs5789340' and 'rs11033719' have the same position.
Warning: Variants 'rs552519257' and 'rs11400118' have the same position.
Warning: Variants 'rs7482445' and 'rs58090154' have the same position.
Warning: Variants 'rs562838463' and 'rs370150581' have the same position.
Warning: Variants 'rs557179550' and 'rs531303460' have the same position.
Warning: Variants 'rs72061422' and 'rs66868837' have the same position.
Warning: Variants 'rs574024234' and 'rs537199420' have the same position.
Warning: Variants 'rs565186119' and 'rs564960021' have the same position.
Warning: Variants 'rs564121482' and 'rs532995607' have the same position.
Warning: Variants 'rs551805071' and 'rs191654804' have the same position.
Warning: Variants 'rs78907917' and 'rs558962083' have the same position.
Warning: Variants 'rs76906154' and 'rs113883114' have the same position.
Warning: Variants 'rs66804628' and 'rs141226826' have the same position.
Warning: Variants 'rs547424568' and 'rs141423501' have the same position.
Warning: Variants 'rs200386964' and 'rs141208467' have the same position.
Warning: Variants 'rs115954079' and 'rs10649003' have the same position.
Warning: Variants 'rs56990218' and 'rs561625129' have the same position.
Warning: Variants 'rs140579754' and 'rs11041890' have the same position.
Warning: Variants 'rs547781397' and 'rs12282284' have the same position.
Warning: Variants 'rs77965697' and 'rs71062838' have the same position.
Warning: Variants 'rs74583034' and 'rs571042342' have the same position.
Warning: Variants 'rs566656721' and 'rs532093262' have the same position.
Warning: Variants 'rs554663366' and 'rs553360292' have the same position.
Warning: Variants 'rs576467182' and 'rs112032579' have the same position.
Warning: Variants 'rs77404584' and 'rs369069433' have the same position.
Warning: Variants 'rs61026944' and 'rs552642507' have the same position.
Warning: Variants 'rs558255753' and 'rs150505915' have the same position.
Warning: Variants 'rs564390776' and 'rs180849181' have the same position.
Warning: Variants 'rs562997687' and 'rs34748268' have the same position.
Warning: Variants 'rs578096320' and 'rs563640944' have the same position.
Warning: Variants 'rs74237086' and 'rs58190907' have the same position.
Warning: Variants 'rs551884541' and 'rs148496969' have the same position.
Warning: Variants 'rs56362299' and 'rs546247496' have the same position.
Warning: Variants 'rs554128704' and 'rs10549567' have the same position.
Warning: Variants 'rs545665173' and 'esv3625463' have the same position.
Warning: Variants 'rs575010787' and 'rs138715246' have the same position.
Warning: Variants 'rs566487880' and 'rs549539950' have the same position.
Warning: Variants 'rs71047600' and 'rs200160498' have the same position.
Warning: Variants 'rs528270532' and 'rs140586290' have the same position.
Warning: Variants 'rs73422233' and 'rs200508507' have the same position.
Warning: Variants 'rs59052474' and 'rs569485725' have the same position.
Warning: Variants 'rs573631056' and 'rs551614142' have the same position.
Warning: Variants 'rs5790124' and 'rs569088686' have the same position.
Warning: Variants 'rs35939190' and 'rs181092484' have the same position.
Warning: Variants 'rs71957008' and 'rs575732299' have the same position.
Warning: Variants 'rs577920429' and 'rs10627420' have the same position.
Warning: Variants 'rs558967174' and 'rs11414450' have the same position.
Warning: Variants 'rs60968740' and 'rs561943317' have the same position.
Warning: Variants 'rs546282107' and 'rs11028420' have the same position.
Warning: Variants 'rs189033' and 'rs141023036' have the same position.
Warning: Variants 'rs576943226' and 'rs548400956' have the same position.
Warning: Variants 'rs558067291' and 'rs36133560' have the same position.
Warning: Variants 'rs72309632' and 'rs535907537' have the same position.
Warning: Variants 'rs530183904' and 'rs377206984' have the same position.
Warning: Variants 'rs1448941' and 'rs111999002' have the same position.
Warning: Variants 'rs553834703' and 'rs201689331' have the same position.
Warning: Variants 'rs553867371' and 'rs34730979' have the same position.
Warning: Variants 'rs544064492' and 'rs542683906' have the same position.
Warning: Variants 'rs201714035' and 'rs142011572' have the same position.
Warning: Variants 'rs74234015' and 'rs60610788' have the same position.
Warning: Variants 'rs202068009' and 'rs145241488' have the same position.
Warning: Variants 'rs574674354' and 'rs529894289' have the same position.
Warning: Variants 'rs542074470' and 'rs144816867' have the same position.
Warning: Variants 'rs576447088' and 'rs574106924' have the same position.
Warning: Variants 'rs550572720' and 'esv3625874' have the same position.
Warning: Variants 'rs564870048' and 'rs113568635' have the same position.
Warning: Variants 'rs570188691' and 'rs551900663' have the same position.
Warning: Variants 'rs539445845' and 'rs369977959' have the same position.
Warning: Variants 'rs200582452' and 'rs186212678' have the same position.
Warning: Variants 'rs4568982' and 'rs112054185' have the same position.
Warning: Variants 'rs558379705' and 'rs11429925' have the same position.
Warning: Variants 'rs552863759' and 'rs11303390' have the same position.
Warning: Variants 'rs368584301' and 'rs3062347' have the same position.
Warning: Variants 'rs72229465' and 'rs112651625' have the same position.
Warning: Variants 'rs71480097' and 'rs202043834' have the same position.
Warning: Variants 'rs5791191' and 'rs139683261' have the same position.
Warning: Variants 'rs572849046' and 'rs201233169' have the same position.
Warning: Variants 'rs538312005' and 'rs375541361' have the same position.
Warning: Variants 'rs545748354' and 'rs148075043' have the same position.
Warning: Variants 'rs557035108' and 'rs543390236' have the same position.
Warning: Variants 'rs567531231' and 'rs529898671' have the same position.
Warning: Variants 'rs574120254' and 'rs142909883' have the same position.
Warning: Variants 'rs569517344' and 'rs201168535' have the same position.
Warning: Variants 'rs530708266' and 'rs181969329' have the same position.
Warning: Variants 'rs7103995' and 'rs536111711' have the same position.
Warning: Variants 'rs574007962' and 'rs199710294' have the same position.
Warning: Variants 'rs534123159' and 'rs150827449' have the same position.
Warning: Variants 'rs543459078' and 'rs200433601' have the same position.
Warning: Variants 'rs555494288' and 'rs549615669' have the same position.
Warning: Variants 'rs376147806' and 'rs12294617' have the same position.
Warning: Variants 'rs78712863' and 'rs34287067' have the same position.
Warning: Variants 'rs570223822' and 'rs377604809' have the same position.
Warning: Variants 'rs201014035' and 'rs189535151' have the same position.
Warning: Variants 'rs563344572' and 'rs371159255' have the same position.
Warning: Variants 'rs59428145' and 'rs112397652' have the same position.
Warning: Variants 'rs531264902' and 'rs528355443' have the same position.
Warning: Variants 'rs566314302' and 'rs377135628' have the same position.
Warning: Variants 'rs200893762' and 'rs150515877' have the same position.
Warning: Variants 'rs559996129' and 'rs148409766' have the same position.
Warning: Variants 'rs576798466' and 'rs538054825' have the same position.
Warning: Variants 'rs529338280' and 'rs11320354' have the same position.
Warning: Variants 'rs561016945' and 'rs528903745' have the same position.
Warning: Variants 'rs529016995' and 'rs398115410' have the same position.
Warning: Variants 'rs71470130' and 'rs568546510' have the same position.
Warning: Variants 'rs575028388' and 'rs570125152' have the same position.
Warning: Variants 'rs542500415' and 'rs139081696' have the same position.
Warning: Variants 'rs577617762' and 'rs111658767' have the same position.
Warning: Variants 'rs572130959' and 'rs528912168' have the same position.
Warning: Variants 'rs34742673' and 'rs201749619' have the same position.
Warning: Variants 'rs567789019' and 'rs547790462' have the same position.
Warning: Variants 'rs552398928' and 'rs149120080' have the same position.
Warning: Variants 'rs558573456' and 'rs554338362' have the same position.
Warning: Variants 'rs371756427' and 'rs11231191' have the same position.
Warning: Variants 'rs562111856' and 'rs531860935' have the same position.
Warning: Variants 'rs559796499' and 'rs548478618' have the same position.
Warning: Variants 'rs568822562' and 'rs10535079' have the same position.
Warning: Variants 'rs572398038' and 'rs572238246' have the same position.
Warning: Variants 'rs76798708' and 'rs35431030' have the same position.
Warning: Variants 'rs148236786' and 'rs11828255' have the same position.
Warning: Variants 'rs540343066' and 'rs140040261' have the same position.
Warning: Variants 'rs557434389' and 'rs34884260' have the same position.
Warning: Variants 'rs558805495' and 'rs549524093' have the same position.
Warning: Variants 'rs529853896' and 'rs202222400' have the same position.
Warning: Variants 'rs560692145' and 'rs369247531' have the same position.
Warning: Variants 'rs548093324' and 'rs533293673' have the same position.
Warning: Variants 'rs201548514' and 'rs192996581' have the same position.
Warning: Variants 'rs569877641' and 'rs144123290' have the same position.
Warning: Variants 'rs536635928' and 'rs199673257' have the same position.
Warning: Variants 'rs534097285' and 'rs35154084' have the same position.
Warning: Variants 'rs546956150' and 'rs146722435' have the same position.
Warning: Variants 'rs564616752' and 'rs201120427' have the same position.
Warning: Variants 'rs565016351' and 'rs113120017' have the same position.
Warning: Variants 'rs560067972' and 'rs201840934' have the same position.
Warning: Variants 'rs555340' and 'rs373953334' have the same position.
Warning: Variants 'rs66818546' and 'rs35035887' have the same position.
Warning: Variants 'rs550112180' and 'rs539569279' have the same position.
Warning: Variants 'rs5792645' and 'rs542181952' have the same position.
Warning: Variants 'rs565779767' and 'rs11237474' have the same position.
Warning: Variants 'rs528838224' and 'rs2511828' have the same position.
Warning: Variants 'rs545621245' and 'rs534833131' have the same position.
Warning: Variants 'rs76388531' and 'rs139646603' have the same position.
Warning: Variants 'rs367645276' and 'rs200184654' have the same position.
Warning: Variants 'rs557910228' and 'rs527347594' have the same position.
Warning: Variants 'rs565245609' and 'rs145069461' have the same position.
Warning: Variants 'rs530404607' and 'rs370717688' have the same position.
Warning: Variants 'rs575589496' and 'rs201830272' have the same position.
Warning: Variants 'rs536986525' and 'rs191864163' have the same position.
Warning: Variants 'rs148707321' and 'rs10898212' have the same position.
Warning: Variants 'rs543750026' and 'rs533418971' have the same position.
Warning: Variants 'rs572871206' and 'rs550550645' have the same position.
Warning: Variants 'rs60574631' and 'rs538645430' have the same position.
Warning: Variants 'rs541921993' and 'rs187059143' have the same position.
Warning: Variants 'rs570163199' and 'rs541748725' have the same position.
Warning: Variants 'rs572809375' and 'rs546741660' have the same position.
Warning: Variants 'rs145939136' and 'rs141725899' have the same position.
Warning: Variants 'rs565523982' and 'rs557115335' have the same position.
Warning: Variants 'rs577113065' and 'rs573071518' have the same position.
Warning: Variants 'rs561768419' and 'rs545875608' have the same position.
Warning: Variants 'rs371676851' and 'rs11020831' have the same position.
Warning: Variants 'rs561931203' and 'rs377120138' have the same position.
Warning: Variants 'rs71459751' and 'rs561931203' have the same position.
Warning: Variants 'rs548466356' and 'rs35270641' have the same position.
Warning: Variants 'rs57411428' and 'rs548466356' have the same position.
Warning: Variants 'rs556104467' and 'rs200109916' have the same position.
Warning: Variants 'rs564025852' and 'rs191662214' have the same position.
Warning: Variants 'rs550709110' and 'rs544129514' have the same position.
Warning: Variants 'rs559333256' and 'rs144280654' have the same position.
Warning: Variants 'rs67169612' and 'rs536950751' have the same position.
Warning: Variants 'rs536589980' and 'rs201288904' have the same position.
Warning: Variants 'rs553218617' and 'rs143415066' have the same position.
Warning: Variants 'rs555812071' and 'rs545824709' have the same position.
Warning: Variants 'rs552799401' and 'rs181300283' have the same position.
Warning: Variants 'rs567584176' and 'rs531807363' have the same position.
Warning: Variants 'rs367657646' and 'rs11435155' have the same position.
Warning: Variants 'rs57141635' and 'rs143018014' have the same position.
Warning: Variants 'rs563717093' and 'rs200920202' have the same position.
Warning: Variants 'rs5794292' and 'rs201398556' have the same position.
Warning: Variants 'rs546860107' and 'rs139480395' have the same position.
Warning: Variants 'rs72324414' and 'rs544839368' have the same position.
Warning: Variants 'rs552509405' and 'rs149875856' have the same position.
Warning: Variants 'rs568467713' and 'rs184267080' have the same position.
Warning: Variants 'rs75740322' and 'rs367843089' have the same position.
Warning: Variants 'rs79322968' and 'rs75034979' have the same position.
Warning: Variants 'rs568287864' and 'rs375607118' have the same position.
Warning: Variants 'rs71846964' and 'rs201076989' have the same position.
Warning: Variants 'rs544977727' and 'rs187771825' have the same position.
Warning: Variants 'rs201581031' and 'rs12417831' have the same position.
Warning: Variants 'rs577179983' and 'rs572073243' have the same position.
Warning: Variants 'rs576155189' and 'rs190369612' have the same position.
Warning: Variants 'rs35305300' and 'rs11605765' have the same position.
Warning: Variants 'rs556793420' and 'rs200699812' have the same position.
Warning: Variants 'rs66939876' and 'rs533374737' have the same position.
Warning: Variants 'rs201083959' and 'rs149418226' have the same position.
Warning: Variants 'rs5794874' and 'rs373835323' have the same position.
Warning: Variants 'rs76599146' and 'rs139012671' have the same position.
Warning: Variants 'rs75204235' and 'esv3627820' have the same position.
Warning: Variants 'rs545048431' and 'rs529345373' have the same position.
Warning: Variants 'rs57840590' and 'rs536496679' have the same position.
Warning: Variants 'rs530398354' and 'rs10718631' have the same position.
Warning: Variants 'rs142529010' and 'rs10531420' have the same position.
Warning: Variants 'rs11338548' and 'rs111772532' have the same position.
Warning: Variants 'rs59533387' and 'rs138311151' have the same position.
Warning: Variants 'rs566429205' and 'rs146137487' have the same position.
Warning: Variants 'rs138566217' and 'rs111854839' have the same position.
Warning: Variants 'rs569915474' and 'rs376527441' have the same position.
Warning: Variants 'rs567101767' and 'rs550998428' have the same position.
Warning: Variants 'rs534219922' and 'rs148325232' have the same position.
Warning: Variants 'rs544855976' and 'rs533099536' have the same position.
Warning: Variants 'rs369091724' and 'rs148470064' have the same position.
Warning: Variants 'rs557921220' and 'rs147628177' have the same position.
Warning: Variants 'rs539216158' and 'rs374270847' have the same position.
Warning: Variants 'rs560168236' and 'rs35109337' have the same position.
Warning: Variants 'rs5795591' and 'rs557867577' have the same position.
Warning: Variants 'rs76140164' and 'rs568400951' have the same position.
Warning: Variants 'rs533353876' and 'rs370607775' have the same position.
Warning: Variants 'rs544305206' and 'rs149338661' have the same position.
Warning: Variants 'rs531255589' and 'rs528041791' have the same position.
Warning: Variants 'rs66921157' and 'rs534748701' have the same position.
Warning: Variants 'rs28753963' and 'rs113354336' have the same position.
Warning: Variants 'rs545097623' and 'rs543611960' have the same position.
Warning: Variants 'rs577340798' and 'rs201277983' have the same position.
Warning: Variants 'rs548646585' and 'rs538895586' have the same position.
Warning: Variants 'rs573482976' and 'rs112784318' have the same position.
Warning: Variants 'rs71950043' and 'rs542826537' have the same position.
Performing single-pass merge (503 people, 1763045 variants).
Merged fileset written to EUR_1KG_genome_nodup-merge.bed +
EUR_1KG_genome_nodup-merge.bim + EUR_1KG_genome_nodup-merge.fam .
1763045 variants loaded from .bim file.
503 people (0 males, 0 females, 503 ambiguous) loaded from .fam.
Ambiguous sex IDs written to EUR_1KG_genome_nodup.nosex .
Using 1 thread (no multithreaded calculations invoked).
Before main variant filters, 503 founders and 0 nonfounders present.
Calculating allele frequencies... done.
1763045 variants and 503 people pass filters and QC.
Note: No phenotypes present.
--make-bed to EUR_1KG_genome_nodup.bed + EUR_1KG_genome_nodup.bim +
EUR_1KG_genome_nodup.fam ... done.

End time: Thu Apr  2 17:57:42 2020
