PLINK v1.90b6.16 64-bit (19 Feb 2020)
Options in effect:
  --bfile genotypes_genome_hapgen.controls
  --extract caspase_list.txt
  --make-bed
  --out genotypes_hapgen.controls.caspase

Hostname: otta_server
Working directory: /home/alexeev/pathway
Start time: Mon May 18 21:10:47 2020

Random number seed: 1589836247
257842 MB RAM detected; reserving 128921 MB for main workspace.
81191648 variants loaded from .bim file.
1000 people (0 males, 0 females, 1000 ambiguous) loaded from .fam.
Ambiguous sex IDs written to genotypes_hapgen.controls.caspase.nosex .
1000 phenotype values loaded from .fam.
--extract: 15 variants remaining.
Warning: Ignoring phenotypes of missing-sex samples.  If you don't want those
phenotypes to be ignored, use the --allow-no-sex flag.
Using 1 thread (no multithreaded calculations invoked).
Before main variant filters, 1000 founders and 0 nonfounders present.
Calculating allele frequencies... done.
15 variants and 1000 people pass filters and QC.
Among remaining phenotypes, 0 are cases and 1000 are controls.
--make-bed to genotypes_hapgen.controls.caspase.bed +
genotypes_hapgen.controls.caspase.bim + genotypes_hapgen.controls.caspase.fam
... done.

End time: Mon May 18 21:11:45 2020
