PLINK v1.90b6.16 64-bit (19 Feb 2020)
Options in effect:
  --bfile genotypes_genome_hapgen.controls
  --extract snps.subset.map
  --make-bed
  --out genotypes_subset_hapgen.controls

Hostname: otta_server
Working directory: /home/alexeev/pathway
Start time: Wed May 20 10:54:50 2020

Random number seed: 1589972090
257842 MB RAM detected; reserving 128921 MB for main workspace.
81191648 variants loaded from .bim file.
1000 people (0 males, 0 females, 1000 ambiguous) loaded from .fam.
Ambiguous sex IDs written to genotypes_subset_hapgen.controls.nosex .
1000 phenotype values loaded from .fam.
--extract: 1000 variants remaining.
Warning: Ignoring phenotypes of missing-sex samples.  If you don't want those
phenotypes to be ignored, use the --allow-no-sex flag.
Using 1 thread (no multithreaded calculations invoked).
Before main variant filters, 1000 founders and 0 nonfounders present.
Calculating allele frequencies... done.
1000 variants and 1000 people pass filters and QC.
Among remaining phenotypes, 0 are cases and 1000 are controls.
--make-bed to genotypes_subset_hapgen.controls.bed +
genotypes_subset_hapgen.controls.bim + genotypes_subset_hapgen.controls.fam ...
done.

End time: Wed May 20 10:56:01 2020
